Analysis & Synthesis report for mips
Mon Oct 26 20:13:41 2020
Quartus Prime Version 20.1.0 Build 711 06/05/2020 SJ Lite Edition


---------------------
; Table of Contents ;
---------------------
  1. Legal Notice
  2. Analysis & Synthesis Summary
  3. Analysis & Synthesis Settings
  4. Parallel Compilation
  5. Analysis & Synthesis Source Files Read
  6. Analysis & Synthesis Resource Usage Summary
  7. Analysis & Synthesis Resource Utilization by Entity
  8. Registers Removed During Synthesis
  9. General Register Statistics
 10. Parameter Settings for User Entity Instance: Top-level Entity: |FluxoDados
 11. Parameter Settings for User Entity Instance: fetch:fetchInstruction
 12. Parameter Settings for User Entity Instance: fetch:fetchInstruction|registradorGenerico:PC
 13. Parameter Settings for User Entity Instance: fetch:fetchInstruction|ROMMIPS:ROM
 14. Parameter Settings for User Entity Instance: fetch:fetchInstruction|somador:SOMA
 15. Parameter Settings for User Entity Instance: bancoRegistradores:BancoReg
 16. Parameter Settings for User Entity Instance: ULA:ULAmips
 17. Port Connectivity Checks: "ULA:ULAmips"
 18. Port Connectivity Checks: "fetch:fetchInstruction|somador:SOMA"
 19. Port Connectivity Checks: "fetch:fetchInstruction|registradorGenerico:PC"
 20. Post-Synthesis Netlist Statistics for Top Partition
 21. Elapsed Time Per Partition
 22. Analysis & Synthesis Messages



----------------
; Legal Notice ;
----------------
Copyright (C) 2020  Intel Corporation. All rights reserved.
Your use of Intel Corporation's design tools, logic functions 
and other software and tools, and any partner logic 
functions, and any output files from any of the foregoing 
(including device programming or simulation files), and any 
associated documentation or information are expressly subject 
to the terms and conditions of the Intel Program License 
Subscription Agreement, the Intel Quartus Prime License Agreement,
the Intel FPGA IP License Agreement, or other applicable license
agreement, including, without limitation, that your use is for
the sole purpose of programming logic devices manufactured by
Intel and sold by Intel or its authorized distributors.  Please
refer to the applicable agreement for further details, at
https://fpgasoftware.intel.com/eula.



+-------------------------------------------------------------------------------+
; Analysis & Synthesis Summary                                                  ;
+---------------------------------+---------------------------------------------+
; Analysis & Synthesis Status     ; Successful - Mon Oct 26 20:13:41 2020       ;
; Quartus Prime Version           ; 20.1.0 Build 711 06/05/2020 SJ Lite Edition ;
; Revision Name                   ; mips                                        ;
; Top-level Entity Name           ; FluxoDados                                  ;
; Family                          ; Cyclone V                                   ;
; Logic utilization (in ALMs)     ; N/A                                         ;
; Total registers                 ; 6                                           ;
; Total pins                      ; 44                                          ;
; Total virtual pins              ; 0                                           ;
; Total block memory bits         ; 0                                           ;
; Total DSP Blocks                ; 0                                           ;
; Total HSSI RX PCSs              ; 0                                           ;
; Total HSSI PMA RX Deserializers ; 0                                           ;
; Total HSSI TX PCSs              ; 0                                           ;
; Total HSSI PMA TX Serializers   ; 0                                           ;
; Total PLLs                      ; 0                                           ;
; Total DLLs                      ; 0                                           ;
+---------------------------------+---------------------------------------------+


+---------------------------------------------------------------------------------------------------------------------------+
; Analysis & Synthesis Settings                                                                                             ;
+---------------------------------------------------------------------------------+--------------------+--------------------+
; Option                                                                          ; Setting            ; Default Value      ;
+---------------------------------------------------------------------------------+--------------------+--------------------+
; Device                                                                          ; 5CEBA4F23C7        ;                    ;
; Top-level entity name                                                           ; FluxoDados         ; mips               ;
; Family name                                                                     ; Cyclone V          ; Cyclone V          ;
; VHDL Show LMF Mapping Messages                                                  ; Off                ;                    ;
; VHDL Version                                                                    ; VHDL_2008          ; VHDL_1993          ;
; Use smart compilation                                                           ; Off                ; Off                ;
; Enable parallel Assembler and Timing Analyzer during compilation                ; On                 ; On                 ;
; Enable compact report table                                                     ; Off                ; Off                ;
; Restructure Multiplexers                                                        ; Auto               ; Auto               ;
; MLAB Add Timing Constraints For Mixed-Port Feed-Through Mode Setting Don't Care ; Off                ; Off                ;
; Create Debugging Nodes for IP Cores                                             ; Off                ; Off                ;
; Preserve fewer node names                                                       ; On                 ; On                 ;
; Intel FPGA IP Evaluation Mode                                                   ; Enable             ; Enable             ;
; Verilog Version                                                                 ; Verilog_2001       ; Verilog_2001       ;
; State Machine Processing                                                        ; Auto               ; Auto               ;
; Safe State Machine                                                              ; Off                ; Off                ;
; Extract Verilog State Machines                                                  ; On                 ; On                 ;
; Extract VHDL State Machines                                                     ; On                 ; On                 ;
; Ignore Verilog initial constructs                                               ; Off                ; Off                ;
; Iteration limit for constant Verilog loops                                      ; 5000               ; 5000               ;
; Iteration limit for non-constant Verilog loops                                  ; 250                ; 250                ;
; Add Pass-Through Logic to Inferred RAMs                                         ; On                 ; On                 ;
; Infer RAMs from Raw Logic                                                       ; On                 ; On                 ;
; Parallel Synthesis                                                              ; On                 ; On                 ;
; DSP Block Balancing                                                             ; Auto               ; Auto               ;
; NOT Gate Push-Back                                                              ; On                 ; On                 ;
; Power-Up Don't Care                                                             ; On                 ; On                 ;
; Remove Redundant Logic Cells                                                    ; Off                ; Off                ;
; Remove Duplicate Registers                                                      ; On                 ; On                 ;
; Ignore CARRY Buffers                                                            ; Off                ; Off                ;
; Ignore CASCADE Buffers                                                          ; Off                ; Off                ;
; Ignore GLOBAL Buffers                                                           ; Off                ; Off                ;
; Ignore ROW GLOBAL Buffers                                                       ; Off                ; Off                ;
; Ignore LCELL Buffers                                                            ; Off                ; Off                ;
; Ignore SOFT Buffers                                                             ; On                 ; On                 ;
; Limit AHDL Integers to 32 Bits                                                  ; Off                ; Off                ;
; Optimization Technique                                                          ; Balanced           ; Balanced           ;
; Carry Chain Length                                                              ; 70                 ; 70                 ;
; Auto Carry Chains                                                               ; On                 ; On                 ;
; Auto Open-Drain Pins                                                            ; On                 ; On                 ;
; Perform WYSIWYG Primitive Resynthesis                                           ; Off                ; Off                ;
; Auto ROM Replacement                                                            ; On                 ; On                 ;
; Auto RAM Replacement                                                            ; On                 ; On                 ;
; Auto DSP Block Replacement                                                      ; On                 ; On                 ;
; Auto Shift Register Replacement                                                 ; Auto               ; Auto               ;
; Allow Shift Register Merging across Hierarchies                                 ; Auto               ; Auto               ;
; Auto Clock Enable Replacement                                                   ; On                 ; On                 ;
; Strict RAM Replacement                                                          ; Off                ; Off                ;
; Allow Synchronous Control Signals                                               ; On                 ; On                 ;
; Force Use of Synchronous Clear Signals                                          ; Off                ; Off                ;
; Auto Resource Sharing                                                           ; Off                ; Off                ;
; Allow Any RAM Size For Recognition                                              ; Off                ; Off                ;
; Allow Any ROM Size For Recognition                                              ; Off                ; Off                ;
; Allow Any Shift Register Size For Recognition                                   ; Off                ; Off                ;
; Use LogicLock Constraints during Resource Balancing                             ; On                 ; On                 ;
; Ignore translate_off and synthesis_off directives                               ; Off                ; Off                ;
; Timing-Driven Synthesis                                                         ; On                 ; On                 ;
; Report Parameter Settings                                                       ; On                 ; On                 ;
; Report Source Assignments                                                       ; On                 ; On                 ;
; Report Connectivity Checks                                                      ; On                 ; On                 ;
; Ignore Maximum Fan-Out Assignments                                              ; Off                ; Off                ;
; Synchronization Register Chain Length                                           ; 3                  ; 3                  ;
; Power Optimization During Synthesis                                             ; Normal compilation ; Normal compilation ;
; HDL message level                                                               ; Level2             ; Level2             ;
; Suppress Register Optimization Related Messages                                 ; Off                ; Off                ;
; Number of Removed Registers Reported in Synthesis Report                        ; 5000               ; 5000               ;
; Number of Swept Nodes Reported in Synthesis Report                              ; 5000               ; 5000               ;
; Number of Inverted Registers Reported in Synthesis Report                       ; 100                ; 100                ;
; Clock MUX Protection                                                            ; On                 ; On                 ;
; Auto Gated Clock Conversion                                                     ; Off                ; Off                ;
; Block Design Naming                                                             ; Auto               ; Auto               ;
; SDC constraint protection                                                       ; Off                ; Off                ;
; Synthesis Effort                                                                ; Auto               ; Auto               ;
; Shift Register Replacement - Allow Asynchronous Clear Signal                    ; On                 ; On                 ;
; Pre-Mapping Resynthesis Optimization                                            ; Off                ; Off                ;
; Analysis & Synthesis Message Level                                              ; Medium             ; Medium             ;
; Disable Register Merging Across Hierarchies                                     ; Auto               ; Auto               ;
; Resource Aware Inference For Block RAM                                          ; On                 ; On                 ;
; Automatic Parallel Synthesis                                                    ; On                 ; On                 ;
; Partial Reconfiguration Bitstream ID                                            ; Off                ; Off                ;
+---------------------------------------------------------------------------------+--------------------+--------------------+


+------------------------------------------+
; Parallel Compilation                     ;
+----------------------------+-------------+
; Processors                 ; Number      ;
+----------------------------+-------------+
; Number detected on machine ; 4           ;
; Maximum allowed            ; 4           ;
;                            ;             ;
; Average used               ; 1.00        ;
; Maximum used               ; 4           ;
;                            ;             ;
; Usage by Processor         ; % Time Used ;
;     Processor 1            ; 100.0%      ;
;     Processors 2-4         ;   0.0%      ;
+----------------------------+-------------+


+----------------------------------------------------------------------------------------------------------------------------------------------------+
; Analysis & Synthesis Source Files Read                                                                                                             ;
+----------------------------------+-----------------+-----------------+-------------------------------------------------------------------+---------+
; File Name with User-Entered Path ; Used in Netlist ; File Type       ; File Name with Absolute Path                                      ; Library ;
+----------------------------------+-----------------+-----------------+-------------------------------------------------------------------+---------+
; bancoRegistradores.vhd           ; yes             ; User VHDL File  ; /home/rafaelalmada/Documents/MIPS/quartus/bancoRegistradores.vhd  ;         ;
; FluxoDados.vhd                   ; yes             ; User VHDL File  ; /home/rafaelalmada/Documents/MIPS/quartus/FluxoDados.vhd          ;         ;
; ULA.vhd                          ; yes             ; User VHDL File  ; /home/rafaelalmada/Documents/MIPS/quartus/ULA.vhd                 ;         ;
; ROMMIPS.vhd                      ; yes             ; User VHDL File  ; /home/rafaelalmada/Documents/MIPS/quartus/ROMMIPS.vhd             ;         ;
; registradorGenerico.vhd          ; yes             ; User VHDL File  ; /home/rafaelalmada/Documents/MIPS/quartus/registradorGenerico.vhd ;         ;
; fetch.vhd                        ; yes             ; User VHDL File  ; /home/rafaelalmada/Documents/MIPS/quartus/fetch.vhd               ;         ;
; somador.vhd                      ; yes             ; User VHDL File  ; /home/rafaelalmada/Documents/MIPS/quartus/somador.vhd             ;         ;
+----------------------------------+-----------------+-----------------+-------------------------------------------------------------------+---------+


+-----------------------------------------------------------------------------------------------------+
; Analysis & Synthesis Resource Usage Summary                                                         ;
+---------------------------------------------+-------------------------------------------------------+
; Resource                                    ; Usage                                                 ;
+---------------------------------------------+-------------------------------------------------------+
; Estimate of Logic utilization (ALMs needed) ; 11                                                    ;
;                                             ;                                                       ;
; Combinational ALUT usage for logic          ; 14                                                    ;
;     -- 7 input functions                    ; 1                                                     ;
;     -- 6 input functions                    ; 7                                                     ;
;     -- 5 input functions                    ; 0                                                     ;
;     -- 4 input functions                    ; 0                                                     ;
;     -- <=3 input functions                  ; 6                                                     ;
;                                             ;                                                       ;
; Dedicated logic registers                   ; 6                                                     ;
;                                             ;                                                       ;
; I/O pins                                    ; 44                                                    ;
;                                             ;                                                       ;
; Total DSP Blocks                            ; 0                                                     ;
;                                             ;                                                       ;
; Maximum fan-out node                        ; fetch:fetchInstruction|registradorGenerico:PC|DOUT[2] ;
; Maximum fan-out                             ; 10                                                    ;
; Total fan-out                               ; 130                                                   ;
; Average fan-out                             ; 1.20                                                  ;
+---------------------------------------------+-------------------------------------------------------+


+------------------------------------------------------------------------------------------------------------------------------------------------------------------------------------------------------------------------------------------+
; Analysis & Synthesis Resource Utilization by Entity                                                                                                                                                                                      ;
+--------------------------------+---------------------+---------------------------+-------------------+------------+------+--------------+-----------------------------------------------------------+---------------------+--------------+
; Compilation Hierarchy Node     ; Combinational ALUTs ; Dedicated Logic Registers ; Block Memory Bits ; DSP Blocks ; Pins ; Virtual Pins ; Full Hierarchy Name                                       ; Entity Name         ; Library Name ;
+--------------------------------+---------------------+---------------------------+-------------------+------------+------+--------------+-----------------------------------------------------------+---------------------+--------------+
; |FluxoDados                    ; 14 (0)              ; 6 (0)                     ; 0                 ; 0          ; 44   ; 0            ; |FluxoDados                                               ; FluxoDados          ; work         ;
;    |fetch:fetchInstruction|    ; 14 (0)              ; 6 (0)                     ; 0                 ; 0          ; 0    ; 0            ; |FluxoDados|fetch:fetchInstruction                        ; fetch               ; work         ;
;       |ROMMIPS:ROM|            ; 8 (8)               ; 0 (0)                     ; 0                 ; 0          ; 0    ; 0            ; |FluxoDados|fetch:fetchInstruction|ROMMIPS:ROM            ; ROMMIPS             ; work         ;
;       |registradorGenerico:PC| ; 1 (1)               ; 6 (6)                     ; 0                 ; 0          ; 0    ; 0            ; |FluxoDados|fetch:fetchInstruction|registradorGenerico:PC ; registradorGenerico ; work         ;
;       |somador:SOMA|           ; 5 (5)               ; 0 (0)                     ; 0                 ; 0          ; 0    ; 0            ; |FluxoDados|fetch:fetchInstruction|somador:SOMA           ; somador             ; work         ;
+--------------------------------+---------------------+---------------------------+-------------------+------------+------+--------------+-----------------------------------------------------------+---------------------+--------------+
Note: For table entries with two numbers listed, the numbers in parentheses indicate the number of resources of the given type used by the specific entity alone. The numbers listed outside of parentheses indicate the total resources of the given type used by the specific entity and all of its sub-entities in the hierarchy.


+-------------------------------------------------------------------------------------------------------------------------------+
; Registers Removed During Synthesis                                                                                            ;
+-----------------------------------------------------------+-------------------------------------------------------------------+
; Register name                                             ; Reason for Removal                                                ;
+-----------------------------------------------------------+-------------------------------------------------------------------+
; fetch:fetchInstruction|registradorGenerico:PC|DOUT[0]     ; Merged with fetch:fetchInstruction|registradorGenerico:PC|DOUT[1] ;
; fetch:fetchInstruction|registradorGenerico:PC|DOUT[1]     ; Stuck at GND due to stuck port data_in                            ;
; fetch:fetchInstruction|registradorGenerico:PC|DOUT[8..31] ; Lost fanout                                                       ;
; Total Number of Removed Registers = 26                    ;                                                                   ;
+-----------------------------------------------------------+-------------------------------------------------------------------+


+------------------------------------------------------+
; General Register Statistics                          ;
+----------------------------------------------+-------+
; Statistic                                    ; Value ;
+----------------------------------------------+-------+
; Total registers                              ; 6     ;
; Number of registers using Synchronous Clear  ; 0     ;
; Number of registers using Synchronous Load   ; 0     ;
; Number of registers using Asynchronous Clear ; 6     ;
; Number of registers using Asynchronous Load  ; 0     ;
; Number of registers using Clock Enable       ; 0     ;
; Number of registers using Preset             ; 0     ;
+----------------------------------------------+-------+


+----------------------------------------------------------------------------+
; Parameter Settings for User Entity Instance: Top-level Entity: |FluxoDados ;
+----------------+-------+---------------------------------------------------+
; Parameter Name ; Value ; Type                                              ;
+----------------+-------+---------------------------------------------------+
; instructWidth  ; 32    ; Signed Integer                                    ;
+----------------+-------+---------------------------------------------------+
Note: In order to hide this table in the UI and the text report file, please set the "Show Parameter Settings in Synthesis Report" option in "Analysis and Synthesis Settings -> More Settings" to "Off".


+---------------------------------------------------------------------+
; Parameter Settings for User Entity Instance: fetch:fetchInstruction ;
+----------------+-------+--------------------------------------------+
; Parameter Name ; Value ; Type                                       ;
+----------------+-------+--------------------------------------------+
; datawidth      ; 32    ; Signed Integer                             ;
; romaddrwidth   ; 6     ; Signed Integer                             ;
+----------------+-------+--------------------------------------------+
Note: In order to hide this table in the UI and the text report file, please set the "Show Parameter Settings in Synthesis Report" option in "Analysis and Synthesis Settings -> More Settings" to "Off".


+--------------------------------------------------------------------------------------------+
; Parameter Settings for User Entity Instance: fetch:fetchInstruction|registradorGenerico:PC ;
+----------------+-------+-------------------------------------------------------------------+
; Parameter Name ; Value ; Type                                                              ;
+----------------+-------+-------------------------------------------------------------------+
; larguradados   ; 32    ; Signed Integer                                                    ;
+----------------+-------+-------------------------------------------------------------------+
Note: In order to hide this table in the UI and the text report file, please set the "Show Parameter Settings in Synthesis Report" option in "Analysis and Synthesis Settings -> More Settings" to "Off".


+---------------------------------------------------------------------------------+
; Parameter Settings for User Entity Instance: fetch:fetchInstruction|ROMMIPS:ROM ;
+-----------------+-------+-------------------------------------------------------+
; Parameter Name  ; Value ; Type                                                  ;
+-----------------+-------+-------------------------------------------------------+
; datawidth       ; 32    ; Signed Integer                                        ;
; addrwidth       ; 32    ; Signed Integer                                        ;
; memoryaddrwidth ; 6     ; Signed Integer                                        ;
+-----------------+-------+-------------------------------------------------------+
Note: In order to hide this table in the UI and the text report file, please set the "Show Parameter Settings in Synthesis Report" option in "Analysis and Synthesis Settings -> More Settings" to "Off".


+----------------------------------------------------------------------------------+
; Parameter Settings for User Entity Instance: fetch:fetchInstruction|somador:SOMA ;
+----------------+-------+---------------------------------------------------------+
; Parameter Name ; Value ; Type                                                    ;
+----------------+-------+---------------------------------------------------------+
; larguradados   ; 32    ; Signed Integer                                          ;
+----------------+-------+---------------------------------------------------------+
Note: In order to hide this table in the UI and the text report file, please set the "Show Parameter Settings in Synthesis Report" option in "Analysis and Synthesis Settings -> More Settings" to "Off".


+--------------------------------------------------------------------------+
; Parameter Settings for User Entity Instance: bancoRegistradores:BancoReg ;
+---------------------+-------+--------------------------------------------+
; Parameter Name      ; Value ; Type                                       ;
+---------------------+-------+--------------------------------------------+
; larguradados        ; 32    ; Signed Integer                             ;
; larguraendbancoregs ; 5     ; Signed Integer                             ;
+---------------------+-------+--------------------------------------------+
Note: In order to hide this table in the UI and the text report file, please set the "Show Parameter Settings in Synthesis Report" option in "Analysis and Synthesis Settings -> More Settings" to "Off".


+----------------------------------------------------------+
; Parameter Settings for User Entity Instance: ULA:ULAmips ;
+----------------+-------+---------------------------------+
; Parameter Name ; Value ; Type                            ;
+----------------+-------+---------------------------------+
; larguradados   ; 32    ; Signed Integer                  ;
+----------------+-------+---------------------------------+
Note: In order to hide this table in the UI and the text report file, please set the "Show Parameter Settings in Synthesis Report" option in "Analysis and Synthesis Settings -> More Settings" to "Off".


+--------------------------------------------------------------------------------------------------------------------+
; Port Connectivity Checks: "ULA:ULAmips"                                                                            ;
+----------+--------+----------+-------------------------------------------------------------------------------------+
; Port     ; Type   ; Severity ; Details                                                                             ;
+----------+--------+----------+-------------------------------------------------------------------------------------+
; flagzero ; Output ; Info     ; Connected to dangling logic. Logic that only feeds a dangling port will be removed. ;
+----------+--------+----------+-------------------------------------------------------------------------------------+


+-----------------------------------------------------------------+
; Port Connectivity Checks: "fetch:fetchInstruction|somador:SOMA" ;
+-----------------+-------+----------+----------------------------+
; Port            ; Type  ; Severity ; Details                    ;
+-----------------+-------+----------+----------------------------+
; entradaa[31..3] ; Input ; Info     ; Stuck at GND               ;
; entradaa[1..0]  ; Input ; Info     ; Stuck at GND               ;
; entradaa[2]     ; Input ; Info     ; Stuck at VCC               ;
+-----------------+-------+----------+----------------------------+


+---------------------------------------------------------------------------+
; Port Connectivity Checks: "fetch:fetchInstruction|registradorGenerico:PC" ;
+--------+-------+----------+-----------------------------------------------+
; Port   ; Type  ; Severity ; Details                                       ;
+--------+-------+----------+-----------------------------------------------+
; enable ; Input ; Info     ; Stuck at VCC                                  ;
+--------+-------+----------+-----------------------------------------------+


+-----------------------------------------------------+
; Post-Synthesis Netlist Statistics for Top Partition ;
+-----------------------+-----------------------------+
; Type                  ; Count                       ;
+-----------------------+-----------------------------+
; arriav_ff             ; 6                           ;
;     CLR               ; 6                           ;
; arriav_lcell_comb     ; 16                          ;
;     arith             ; 5                           ;
;         1 data inputs ; 4                           ;
;         2 data inputs ; 1                           ;
;     extend            ; 1                           ;
;         7 data inputs ; 1                           ;
;     normal            ; 10                          ;
;         0 data inputs ; 1                           ;
;         1 data inputs ; 2                           ;
;         6 data inputs ; 7                           ;
; boundary_port         ; 44                          ;
;                       ;                             ;
; Max LUT depth         ; 2.00                        ;
; Average LUT depth     ; 1.34                        ;
+-----------------------+-----------------------------+


+-------------------------------+
; Elapsed Time Per Partition    ;
+----------------+--------------+
; Partition Name ; Elapsed Time ;
+----------------+--------------+
; Top            ; 00:00:00     ;
+----------------+--------------+


+-------------------------------+
; Analysis & Synthesis Messages ;
+-------------------------------+
Info: *******************************************************************
Info: Running Quartus Prime Analysis & Synthesis
    Info: Version 20.1.0 Build 711 06/05/2020 SJ Lite Edition
    Info: Processing started: Mon Oct 26 20:13:31 2020
Info: Command: quartus_map --read_settings_files=on --write_settings_files=off mips -c mips
Warning (18236): Number of processors has not been specified which may cause overloading on shared machines.  Set the global assignment NUM_PARALLEL_PROCESSORS in your QSF to an appropriate value for best performance.
Info (20030): Parallel compilation is enabled and will use 4 of the 4 processors detected
Info (12021): Found 2 design units, including 1 entities, in source file bancoRegistradores.vhd
    Info (12022): Found design unit 1: bancoRegistradores-comportamento File: /home/rafaelalmada/Documents/MIPS/quartus/bancoRegistradores.vhd Line: 30
    Info (12023): Found entity 1: bancoRegistradores File: /home/rafaelalmada/Documents/MIPS/quartus/bancoRegistradores.vhd Line: 7
Info (12021): Found 2 design units, including 1 entities, in source file FluxoDados.vhd
    Info (12022): Found design unit 1: FluxoDados-comportamento File: /home/rafaelalmada/Documents/MIPS/quartus/FluxoDados.vhd Line: 18
    Info (12023): Found entity 1: FluxoDados File: /home/rafaelalmada/Documents/MIPS/quartus/FluxoDados.vhd Line: 5
Info (12021): Found 2 design units, including 1 entities, in source file ULA.vhd
    Info (12022): Found design unit 1: ULA-comportamento File: /home/rafaelalmada/Documents/MIPS/quartus/ULA.vhd Line: 19
    Info (12023): Found entity 1: ULA File: /home/rafaelalmada/Documents/MIPS/quartus/ULA.vhd Line: 5
Info (12021): Found 2 design units, including 1 entities, in source file ROMMIPS.vhd
    Info (12022): Found design unit 1: ROMMIPS-assincrona File: /home/rafaelalmada/Documents/MIPS/quartus/ROMMIPS.vhd Line: 17
    Info (12023): Found entity 1: ROMMIPS File: /home/rafaelalmada/Documents/MIPS/quartus/ROMMIPS.vhd Line: 5
Info (12021): Found 2 design units, including 1 entities, in source file registradorGenerico.vhd
    Info (12022): Found design unit 1: registradorGenerico-comportamento File: /home/rafaelalmada/Documents/MIPS/quartus/registradorGenerico.vhd Line: 16
    Info (12023): Found entity 1: registradorGenerico File: /home/rafaelalmada/Documents/MIPS/quartus/registradorGenerico.vhd Line: 4
Info (12021): Found 2 design units, including 1 entities, in source file fetch.vhd
    Info (12022): Found design unit 1: fetch-comportamento File: /home/rafaelalmada/Documents/MIPS/quartus/fetch.vhd Line: 17
    Info (12023): Found entity 1: fetch File: /home/rafaelalmada/Documents/MIPS/quartus/fetch.vhd Line: 5
Info (12021): Found 2 design units, including 1 entities, in source file somador.vhd
    Info (12022): Found design unit 1: somador-comportamento File: /home/rafaelalmada/Documents/MIPS/quartus/somador.vhd Line: 17
    Info (12023): Found entity 1: somador File: /home/rafaelalmada/Documents/MIPS/quartus/somador.vhd Line: 5
Info (12127): Elaborating entity "FluxoDados" for the top level hierarchy
Warning (10036): Verilog HDL or VHDL warning at FluxoDados.vhd(21): object "flagZ" assigned a value but never read File: /home/rafaelalmada/Documents/MIPS/quartus/FluxoDados.vhd Line: 21
Info (12128): Elaborating entity "fetch" for hierarchy "fetch:fetchInstruction" File: /home/rafaelalmada/Documents/MIPS/quartus/FluxoDados.vhd Line: 25
Warning (10540): VHDL Signal Declaration warning at fetch.vhd(20): used explicit default value for signal "constanteSoma" because signal was never assigned a value File: /home/rafaelalmada/Documents/MIPS/quartus/fetch.vhd Line: 20
Info (12128): Elaborating entity "registradorGenerico" for hierarchy "fetch:fetchInstruction|registradorGenerico:PC" File: /home/rafaelalmada/Documents/MIPS/quartus/fetch.vhd Line: 24
Info (12128): Elaborating entity "ROMMIPS" for hierarchy "fetch:fetchInstruction|ROMMIPS:ROM" File: /home/rafaelalmada/Documents/MIPS/quartus/fetch.vhd Line: 31
Warning (10541): VHDL Signal Declaration warning at ROMMIPS.vhd(20): used implicit default value for signal "memROM" because signal was never assigned a value or an explicit default value. Use of implicit default value may introduce unintended design optimizations. File: /home/rafaelalmada/Documents/MIPS/quartus/ROMMIPS.vhd Line: 20
Info (12128): Elaborating entity "somador" for hierarchy "fetch:fetchInstruction|somador:SOMA" File: /home/rafaelalmada/Documents/MIPS/quartus/fetch.vhd Line: 35
Info (12128): Elaborating entity "bancoRegistradores" for hierarchy "bancoRegistradores:BancoReg" File: /home/rafaelalmada/Documents/MIPS/quartus/FluxoDados.vhd Line: 35
Info (12128): Elaborating entity "ULA" for hierarchy "ULA:ULAmips" File: /home/rafaelalmada/Documents/MIPS/quartus/FluxoDados.vhd Line: 44
Info (276014): Found 1 instances of uninferred RAM logic
    Info (276004): RAM logic "fetch:fetchInstruction|ROMMIPS:ROM|memROM" is uninferred due to inappropriate RAM size File: /home/rafaelalmada/Documents/MIPS/quartus/ROMMIPS.vhd Line: 20
Warning (113016): Width of data items in "ROMcontent.mif" is smaller than the memory width. Padding data items with 0 on MSB to fit in memory.  File: /home/rafaelalmada/Documents/MIPS/quartus/ROMcontent.mif Line: 20
Critical Warning (127004): Memory depth (64) in the design file differs from memory depth (256) in the Memory Initialization File "/home/rafaelalmada/Documents/MIPS/quartus/ROMcontent.mif" -- truncated remaining initial content value to fit RAM
Warning (13024): Output pins are stuck at VCC or GND
    Warning (13410): Pin "instrucao[8]" is stuck at GND File: /home/rafaelalmada/Documents/MIPS/quartus/FluxoDados.vhd Line: 13
    Warning (13410): Pin "instrucao[9]" is stuck at GND File: /home/rafaelalmada/Documents/MIPS/quartus/FluxoDados.vhd Line: 13
    Warning (13410): Pin "instrucao[10]" is stuck at GND File: /home/rafaelalmada/Documents/MIPS/quartus/FluxoDados.vhd Line: 13
    Warning (13410): Pin "instrucao[11]" is stuck at GND File: /home/rafaelalmada/Documents/MIPS/quartus/FluxoDados.vhd Line: 13
    Warning (13410): Pin "instrucao[12]" is stuck at GND File: /home/rafaelalmada/Documents/MIPS/quartus/FluxoDados.vhd Line: 13
    Warning (13410): Pin "instrucao[13]" is stuck at GND File: /home/rafaelalmada/Documents/MIPS/quartus/FluxoDados.vhd Line: 13
    Warning (13410): Pin "instrucao[14]" is stuck at GND File: /home/rafaelalmada/Documents/MIPS/quartus/FluxoDados.vhd Line: 13
    Warning (13410): Pin "instrucao[15]" is stuck at GND File: /home/rafaelalmada/Documents/MIPS/quartus/FluxoDados.vhd Line: 13
    Warning (13410): Pin "instrucao[16]" is stuck at GND File: /home/rafaelalmada/Documents/MIPS/quartus/FluxoDados.vhd Line: 13
    Warning (13410): Pin "instrucao[17]" is stuck at GND File: /home/rafaelalmada/Documents/MIPS/quartus/FluxoDados.vhd Line: 13
    Warning (13410): Pin "instrucao[18]" is stuck at GND File: /home/rafaelalmada/Documents/MIPS/quartus/FluxoDados.vhd Line: 13
    Warning (13410): Pin "instrucao[19]" is stuck at GND File: /home/rafaelalmada/Documents/MIPS/quartus/FluxoDados.vhd Line: 13
    Warning (13410): Pin "instrucao[20]" is stuck at GND File: /home/rafaelalmada/Documents/MIPS/quartus/FluxoDados.vhd Line: 13
    Warning (13410): Pin "instrucao[21]" is stuck at GND File: /home/rafaelalmada/Documents/MIPS/quartus/FluxoDados.vhd Line: 13
    Warning (13410): Pin "instrucao[22]" is stuck at GND File: /home/rafaelalmada/Documents/MIPS/quartus/FluxoDados.vhd Line: 13
    Warning (13410): Pin "instrucao[23]" is stuck at GND File: /home/rafaelalmada/Documents/MIPS/quartus/FluxoDados.vhd Line: 13
    Warning (13410): Pin "instrucao[24]" is stuck at GND File: /home/rafaelalmada/Documents/MIPS/quartus/FluxoDados.vhd Line: 13
    Warning (13410): Pin "instrucao[25]" is stuck at GND File: /home/rafaelalmada/Documents/MIPS/quartus/FluxoDados.vhd Line: 13
    Warning (13410): Pin "instrucao[26]" is stuck at GND File: /home/rafaelalmada/Documents/MIPS/quartus/FluxoDados.vhd Line: 13
    Warning (13410): Pin "instrucao[27]" is stuck at GND File: /home/rafaelalmada/Documents/MIPS/quartus/FluxoDados.vhd Line: 13
    Warning (13410): Pin "instrucao[28]" is stuck at GND File: /home/rafaelalmada/Documents/MIPS/quartus/FluxoDados.vhd Line: 13
    Warning (13410): Pin "instrucao[29]" is stuck at GND File: /home/rafaelalmada/Documents/MIPS/quartus/FluxoDados.vhd Line: 13
    Warning (13410): Pin "instrucao[30]" is stuck at GND File: /home/rafaelalmada/Documents/MIPS/quartus/FluxoDados.vhd Line: 13
    Warning (13410): Pin "instrucao[31]" is stuck at GND File: /home/rafaelalmada/Documents/MIPS/quartus/FluxoDados.vhd Line: 13
    Warning (13410): Pin "opCode[0]" is stuck at GND File: /home/rafaelalmada/Documents/MIPS/quartus/FluxoDados.vhd Line: 14
    Warning (13410): Pin "opCode[1]" is stuck at GND File: /home/rafaelalmada/Documents/MIPS/quartus/FluxoDados.vhd Line: 14
    Warning (13410): Pin "opCode[2]" is stuck at GND File: /home/rafaelalmada/Documents/MIPS/quartus/FluxoDados.vhd Line: 14
    Warning (13410): Pin "opCode[3]" is stuck at GND File: /home/rafaelalmada/Documents/MIPS/quartus/FluxoDados.vhd Line: 14
    Warning (13410): Pin "opCode[4]" is stuck at GND File: /home/rafaelalmada/Documents/MIPS/quartus/FluxoDados.vhd Line: 14
    Warning (13410): Pin "opCode[5]" is stuck at GND File: /home/rafaelalmada/Documents/MIPS/quartus/FluxoDados.vhd Line: 14
Info (286030): Timing-Driven Synthesis is running
Info (17049): 24 registers lost all their fanouts during netlist optimizations.
Info (16010): Generating hard_block partition "hard_block:auto_generated_inst"
    Info (16011): Adding 0 node(s), including 0 DDIO, 0 PLL, 0 transceiver and 0 LCELL
Warning (21074): Design contains 4 input pin(s) that do not drive logic
    Warning (15610): No output dependent on input pin "escritaC" File: /home/rafaelalmada/Documents/MIPS/quartus/FluxoDados.vhd Line: 11
    Warning (15610): No output dependent on input pin "operacaoULA[0]" File: /home/rafaelalmada/Documents/MIPS/quartus/FluxoDados.vhd Line: 12
    Warning (15610): No output dependent on input pin "operacaoULA[1]" File: /home/rafaelalmada/Documents/MIPS/quartus/FluxoDados.vhd Line: 12
    Warning (15610): No output dependent on input pin "operacaoULA[2]" File: /home/rafaelalmada/Documents/MIPS/quartus/FluxoDados.vhd Line: 12
Info (21057): Implemented 59 device resources after synthesis - the final resource count might be different
    Info (21058): Implemented 6 input pins
    Info (21059): Implemented 38 output pins
    Info (21061): Implemented 15 logic cells
Info: Quartus Prime Analysis & Synthesis was successful. 0 errors, 42 warnings
    Info: Peak virtual memory: 510 megabytes
    Info: Processing ended: Mon Oct 26 20:13:41 2020
    Info: Elapsed time: 00:00:10
    Info: Total CPU time (on all processors): 00:00:20


